mode: set
novel-man/backend/utils/context/context.go:18.26,20.2 1 1
novel-man/backend/utils/context/context.go:25.53,27.41 2 1
novel-man/backend/utils/context/context.go:27.41,29.3 1 1
novel-man/backend/utils/context/context.go:29.8,31.3 1 1
novel-man/backend/utils/context/context.go:34.2,37.38 3 1
novel-man/backend/utils/context/context.go:42.43,44.16 2 1
novel-man/backend/utils/context/context.go:44.16,46.3 1 1
novel-man/backend/utils/context/context.go:47.2,48.11 2 1
novel-man/backend/utils/context/context.go:52.76,54.2 1 1
novel-man/backend/utils/context/context.go:57.77,60.2 2 1
novel-man/backend/utils/context/context.go:63.90,66.2 2 1
novel-man/backend/utils/context/context.go:69.99,72.2 2 1
