mode: set
novel-man/backend/internal/services/generate/generate_service.go:17.61,19.16 2 0
novel-man/backend/internal/services/generate/generate_service.go:19.16,21.3 1 0
novel-man/backend/internal/services/generate/generate_service.go:22.2,24.8 1 0
novel-man/backend/internal/services/generate/generate_service.go:28.89,32.29 2 1
novel-man/backend/internal/services/generate/generate_service.go:32.29,38.3 1 1
novel-man/backend/internal/services/generate/generate_service.go:38.8,38.35 1 1
novel-man/backend/internal/services/generate/generate_service.go:38.35,43.3 1 1
novel-man/backend/internal/services/generate/generate_service.go:46.2,46.27 1 1
novel-man/backend/internal/services/generate/generate_service.go:46.27,48.3 1 1
novel-man/backend/internal/services/generate/generate_service.go:54.2,54.20 1 1
novel-man/backend/internal/services/generate/generate_service.go:54.20,59.3 1 1
novel-man/backend/internal/services/generate/generate_service.go:61.2,61.17 1 1
novel-man/backend/internal/services/generate/generate_service.go:64.124,74.16 4 1
novel-man/backend/internal/services/generate/generate_service.go:74.16,76.3 1 1
novel-man/backend/internal/services/generate/generate_service.go:78.2,82.8 2 1
novel-man/backend/internal/services/generate/generate_service.go:86.132,96.2 3 1
novel-man/backend/internal/services/generate/generate_service.go:99.87,105.2 1 1
novel-man/backend/internal/services/generate/generate_service.go:108.129,115.16 3 0
novel-man/backend/internal/services/generate/generate_service.go:115.16,118.3 2 0
novel-man/backend/internal/services/generate/generate_service.go:120.2,121.30 2 0
novel-man/backend/internal/services/generate/generate_service.go:121.30,127.3 1 0
novel-man/backend/internal/services/generate/generate_service.go:128.2,128.17 1 0
novel-man/backend/internal/services/generate/llm_service.go:41.42,43.2 1 1
novel-man/backend/internal/services/generate/llm_service.go:46.93,55.23 4 1
novel-man/backend/internal/services/generate/llm_service.go:55.23,57.3 1 1
novel-man/backend/internal/services/generate/llm_service.go:58.2,58.18 1 1
novel-man/backend/internal/services/generate/llm_service.go:58.18,60.3 1 1
novel-man/backend/internal/services/generate/llm_service.go:62.2,63.24 2 1
novel-man/backend/internal/services/generate/llm_service.go:63.24,65.3 1 0
novel-man/backend/internal/services/generate/llm_service.go:66.2,66.19 1 1
novel-man/backend/internal/services/generate/llm_service.go:66.19,68.3 1 0
novel-man/backend/internal/services/generate/llm_service.go:70.2,71.22 2 1
novel-man/backend/internal/services/generate/llm_service.go:71.22,73.3 1 0
novel-man/backend/internal/services/generate/llm_service.go:74.2,74.17 1 1
novel-man/backend/internal/services/generate/llm_service.go:74.17,76.3 1 0
novel-man/backend/internal/services/generate/llm_service.go:79.2,79.35 1 1
novel-man/backend/internal/services/generate/llm_service.go:79.35,81.3 1 1
novel-man/backend/internal/services/generate/llm_service.go:84.2,85.16 2 1
novel-man/backend/internal/services/generate/llm_service.go:85.16,88.3 2 0
novel-man/backend/internal/services/generate/llm_service.go:90.2,90.17 1 1
novel-man/backend/internal/services/generate/llm_service.go:93.87,95.31 2 1
novel-man/backend/internal/services/generate/llm_service.go:95.31,97.19 2 1
novel-man/backend/internal/services/generate/llm_service.go:98.17,99.37 1 0
novel-man/backend/internal/services/generate/llm_service.go:100.20,101.33 1 0
novel-man/backend/internal/services/generate/llm_service.go:102.15,103.36 1 1
novel-man/backend/internal/services/generate/llm_service.go:105.3,105.63 1 1
novel-man/backend/internal/services/generate/llm_service.go:107.2,107.16 1 1
novel-man/backend/internal/services/generate/llm_service.go:110.129,113.12 2 0
novel-man/backend/internal/services/generate/llm_service.go:113.12,119.17 4 0
novel-man/backend/internal/services/generate/llm_service.go:119.17,123.4 3 0
novel-man/backend/internal/services/generate/llm_service.go:125.3,129.73 3 0
novel-man/backend/internal/services/generate/llm_service.go:129.73,130.24 1 0
novel-man/backend/internal/services/generate/llm_service.go:130.24,132.6 1 0
novel-man/backend/internal/services/generate/llm_service.go:133.5,135.15 3 0
novel-man/backend/internal/services/generate/llm_service.go:138.3,138.17 1 0
novel-man/backend/internal/services/generate/llm_service.go:138.17,141.4 2 0
novel-man/backend/internal/services/generate/llm_service.go:141.9,143.4 1 0
novel-man/backend/internal/services/generate/llm_service.go:146.2,146.19 1 0
novel-man/backend/internal/services/generate/llm_service.go:149.112,151.16 2 1
novel-man/backend/internal/services/generate/llm_service.go:151.16,153.3 1 1
novel-man/backend/internal/services/generate/llm_service.go:155.2,157.16 3 1
novel-man/backend/internal/services/generate/llm_service.go:157.16,159.3 1 1
novel-man/backend/internal/services/generate/llm_service.go:161.2,161.27 1 0
novel-man/backend/internal/services/generate/llm_service.go:161.27,163.3 1 0
novel-man/backend/internal/services/generate/llm_service.go:164.2,164.16 1 0
novel-man/backend/internal/services/generate/llm_service.go:168.89,174.23 3 0
novel-man/backend/internal/services/generate/llm_service.go:174.23,176.3 1 0
novel-man/backend/internal/services/generate/llm_service.go:177.2,177.24 1 0
novel-man/backend/internal/services/generate/llm_service.go:177.24,179.3 1 0
novel-man/backend/internal/services/generate/llm_service.go:182.2,184.18 2 0
novel-man/backend/internal/services/generate/llm_service.go:185.26,186.38 1 0
novel-man/backend/internal/services/generate/llm_service.go:187.19,188.41 1 0
novel-man/backend/internal/services/generate/llm_service.go:189.16,190.38 1 0
novel-man/backend/internal/services/generate/llm_service.go:191.10,193.38 1 0
novel-man/backend/internal/services/generate/llm_service.go:197.103,200.2 1 0
novel-man/backend/internal/services/generate/llm_service.go:202.100,204.19 2 0
novel-man/backend/internal/services/generate/llm_service.go:204.19,207.3 1 0
novel-man/backend/internal/services/generate/llm_service.go:210.2,213.16 3 0
novel-man/backend/internal/services/generate/llm_service.go:213.16,215.3 1 0
novel-man/backend/internal/services/generate/llm_service.go:217.2,217.22 1 0
novel-man/backend/internal/services/generate/llm_service.go:217.22,221.3 2 0
novel-man/backend/internal/services/generate/llm_service.go:222.2,226.16 4 0
novel-man/backend/internal/services/generate/llm_service.go:226.16,228.3 1 0
novel-man/backend/internal/services/generate/llm_service.go:229.2,231.38 2 0
novel-man/backend/internal/services/generate/llm_service.go:231.38,234.3 2 0
novel-man/backend/internal/services/generate/llm_service.go:236.2,242.67 2 0
novel-man/backend/internal/services/generate/llm_service.go:242.67,244.3 1 0
novel-man/backend/internal/services/generate/llm_service.go:246.2,247.32 2 0
novel-man/backend/internal/services/generate/llm_service.go:247.32,249.3 1 0
novel-man/backend/internal/services/generate/llm_service.go:251.2,251.20 1 0
novel-man/backend/internal/services/generate/llm_service.go:254.100,256.19 2 0
novel-man/backend/internal/services/generate/llm_service.go:256.19,258.3 1 0
novel-man/backend/internal/services/generate/llm_service.go:260.2,263.16 3 0
novel-man/backend/internal/services/generate/llm_service.go:263.16,265.3 1 0
novel-man/backend/internal/services/generate/llm_service.go:267.2,269.16 3 0
novel-man/backend/internal/services/generate/llm_service.go:269.16,271.3 1 0
novel-man/backend/internal/services/generate/llm_service.go:272.2,274.38 2 0
novel-man/backend/internal/services/generate/llm_service.go:274.38,277.3 2 0
novel-man/backend/internal/services/generate/llm_service.go:279.2,286.67 2 0
novel-man/backend/internal/services/generate/llm_service.go:286.67,288.3 1 0
novel-man/backend/internal/services/generate/llm_service.go:290.2,291.34 2 0
novel-man/backend/internal/services/generate/llm_service.go:291.34,295.45 2 0
novel-man/backend/internal/services/generate/llm_service.go:295.45,297.4 1 0
novel-man/backend/internal/services/generate/llm_service.go:298.3,298.32 1 0
novel-man/backend/internal/services/generate/llm_service.go:301.2,301.20 1 0
